<?xml version="1.0" encoding="UTF-8"?>
<!-- Generated by org.testng.reporters.JUnitXMLReporter -->
<testsuite ignored="4" hostname="HP" failures="2" tests="7" name="TestRunner-firefox" time="95.355" errors="0" timestamp="27 Mar 2025 08:01:49 GMT">
  <testcase classname="scmSCM.Manufacturer.AddProductManageStockTest" name="AdDProductTest" time="0.029">
    <failure type="java.lang.NullPointerException" message="Cannot invoke &amp;quot;com.aventstack.extentreports.ExtentTest.log(com.aventstack.extentreports.Status, String)&amp;quot; because the return value of &amp;quot;scmSCM.webdriverutility.UtilityClassObject.getTest()&amp;quot; is null">
      <![CDATA[java.lang.NullPointerException: Cannot invoke "com.aventstack.extentreports.ExtentTest.log(com.aventstack.extentreports.Status, String)" because the return value of "scmSCM.webdriverutility.UtilityClassObject.getTest()" is null
at scmSCM.Manufacturer.AddProductManageStockTest.AdDProductTest(AddProductManageStockTest.java:20)
at java.base/java.util.concurrent.FutureTask.run(FutureTask.java:317)
at java.base/java.util.concurrent.ThreadPoolExecutor.runWorker(ThreadPoolExecutor.java:1144)
at java.base/java.util.concurrent.ThreadPoolExecutor$Worker.run(ThreadPoolExecutor.java:642)
at java.base/java.lang.Thread.run(Thread.java:1583)
... Removed 14 stack frames]]>
    </failure>
  </testcase> <!-- AdDProductTest -->
  <testcase classname="scmSCM.Manufacturer.AddProductManageStockTest" name="ManagEStockTest" time="3.603">
    <failure type="org.openqa.selenium.NoAlertPresentException" message="Build info: version: &amp;apos;4.28.1&amp;apos;, revision: &amp;apos;73f5ad48a2&amp;apos;
System info: os.name: &amp;apos;Windows 11&amp;apos;, os.arch: &amp;apos;amd64&amp;apos;, os.version: &amp;apos;10.0&amp;apos;, java.version: &amp;apos;21.0.5&amp;apos;
Driver info: org.openqa.selenium.firefox.FirefoxDriver
Command: [729cd216-1ce8-4402-9f8d-02f9f7a6c764, getAlertText {}]
Capabilities {acceptInsecureCerts: true, browserName: firefox, browserVersion: 136.0.3, moz:accessibilityChecks: false, moz:buildID: 20250324135651, moz:debuggerAddress: 127.0.0.1:9883, moz:geckodriverVersion: 0.36.0, moz:headless: false, moz:platformVersion: 10.0, moz:processID: 13948, moz:profile: C:\Users\abhim\AppData\Loca..., moz:shutdownTimeout: 60000, moz:webdriverClick: true, moz:windowless: false, pageLoadStrategy: normal, platformName: windows, proxy: Proxy(), se:cdp: ws://127.0.0.1:9883/devtool..., se:cdpVersion: 85.0, setWindowRect: true, strictFileInteractability: false, timeouts: {implicit: 0, pageLoad: 300000, script: 30000}, unhandledPromptBehavior: dismiss and notify, userAgent: Mozilla/5.0 (Windows NT 10....}
Session ID: 729cd216-1ce8-4402-9f8d-02f9f7a6c764">
      <![CDATA[org.openqa.selenium.NoAlertPresentException: Build info: version: '4.28.1', revision: '73f5ad48a2'
System info: os.name: 'Windows 11', os.arch: 'amd64', os.version: '10.0', java.version: '21.0.5'
Driver info: org.openqa.selenium.firefox.FirefoxDriver
Command: [729cd216-1ce8-4402-9f8d-02f9f7a6c764, getAlertText {}]
Capabilities {acceptInsecureCerts: true, browserName: firefox, browserVersion: 136.0.3, moz:accessibilityChecks: false, moz:buildID: 20250324135651, moz:debuggerAddress: 127.0.0.1:9883, moz:geckodriverVersion: 0.36.0, moz:headless: false, moz:platformVersion: 10.0, moz:processID: 13948, moz:profile: C:\Users\abhim\AppData\Loca..., moz:shutdownTimeout: 60000, moz:webdriverClick: true, moz:windowless: false, pageLoadStrategy: normal, platformName: windows, proxy: Proxy(), se:cdp: ws://127.0.0.1:9883/devtool..., se:cdpVersion: 85.0, setWindowRect: true, strictFileInteractability: false, timeouts: {implicit: 0, pageLoad: 300000, script: 30000}, unhandledPromptBehavior: dismiss and notify, userAgent: Mozilla/5.0 (Windows NT 10....}
Session ID: 729cd216-1ce8-4402-9f8d-02f9f7a6c764
at org.openqa.selenium.remote.ErrorCodec.decode(ErrorCodec.java:167)
at org.openqa.selenium.remote.codec.w3c.W3CHttpResponseCodec.decode(W3CHttpResponseCodec.java:138)
at org.openqa.selenium.remote.codec.w3c.W3CHttpResponseCodec.decode(W3CHttpResponseCodec.java:50)
at org.openqa.selenium.remote.HttpCommandExecutor.execute(HttpCommandExecutor.java:215)
at org.openqa.selenium.remote.service.DriverCommandExecutor.invokeExecute(DriverCommandExecutor.java:216)
at org.openqa.selenium.remote.service.DriverCommandExecutor.execute(DriverCommandExecutor.java:174)
at org.openqa.selenium.remote.RemoteWebDriver.execute(RemoteWebDriver.java:545)
at org.openqa.selenium.remote.RemoteWebDriver.execute(RemoteWebDriver.java:618)
at org.openqa.selenium.remote.RemoteWebDriver.execute(RemoteWebDriver.java:622)
at org.openqa.selenium.remote.RemoteWebDriver$RemoteTargetLocator.alert(RemoteWebDriver.java:1194)
at scmSCM.webdriverutility.WebDriverUtility.alert(WebDriverUtility.java:31)
at scmSCM.Manufacturer.AddProductManageStockTest.ManagEStockTest(AddProductManageStockTest.java:97)
at java.base/java.util.concurrent.FutureTask.run(FutureTask.java:317)
at java.base/java.util.concurrent.ThreadPoolExecutor.runWorker(ThreadPoolExecutor.java:1144)
at java.base/java.util.concurrent.ThreadPoolExecutor$Worker.run(ThreadPoolExecutor.java:642)
at java.base/java.lang.Thread.run(Thread.java:1583)
... Removed 17 stack frames]]>
    </failure>
  </testcase> <!-- ManagEStockTest -->
  <testcase classname="scmSCM.admin.ManageAreaCategoryUnitTest" name="ManagECategoryTest" time="5.147"/>
  <testcase classname="scmSCM.admin.ManageAreaCategoryUnitTest" name="ManagEUnitTest" time="4.386"/>
  <testcase classname="scmSCM.admin.ManageAreaCategoryUnitTest" name="ManageareaTest" time="4.043"/>
  <testcase classname="scmSCM.Retailer.MyOrderNewOrderTest" name="MyORderTest" time="4.028"/>
  <testcase classname="scmSCM.Retailer.MyOrderNewOrderTest" name="NeWOderTest" time="2.916"/>
  <testcase classname="scmSCM.basetest.BaseClass" name="@BeforeSuite configBS" time="0.0">
    <ignored/>
  </testcase> <!-- @BeforeSuite configBS -->
  <testcase classname="scmSCM.basetest.BaseClass" name="@BeforeSuite configBS" time="0.0">
    <ignored/>
  </testcase> <!-- @BeforeSuite configBS -->
  <testcase classname="scmSCM.basetest.BaseClass" name="@AfterSuite configAS" time="0.0">
    <ignored/>
  </testcase> <!-- @AfterSuite configAS -->
  <testcase classname="scmSCM.basetest.BaseClass" name="@AfterSuite configAS" time="0.0">
    <ignored/>
  </testcase> <!-- @AfterSuite configAS -->
</testsuite> <!-- TestRunner-firefox -->
