<?xml version="1.0" encoding="UTF-8"?>
<!-- Generated by org.testng.reporters.JUnitXMLReporter -->
<testsuite ignored="4" hostname="HP" failures="1" tests="7" name="TestRunner-chrome" time="88.679" errors="0" timestamp="27 Mar 2025 08:01:42 GMT">
  <testcase classname="scmSCM.Manufacturer.AddProductManageStockTest" name="AdDProductTest" time="0.032">
    <failure type="java.lang.NullPointerException" message="Cannot invoke &amp;quot;com.aventstack.extentreports.ExtentTest.log(com.aventstack.extentreports.Status, String)&amp;quot; because the return value of &amp;quot;scmSCM.webdriverutility.UtilityClassObject.getTest()&amp;quot; is null">
      <![CDATA[java.lang.NullPointerException: Cannot invoke "com.aventstack.extentreports.ExtentTest.log(com.aventstack.extentreports.Status, String)" because the return value of "scmSCM.webdriverutility.UtilityClassObject.getTest()" is null
at scmSCM.Manufacturer.AddProductManageStockTest.AdDProductTest(AddProductManageStockTest.java:20)
at java.base/java.util.concurrent.FutureTask.run(FutureTask.java:317)
at java.base/java.util.concurrent.ThreadPoolExecutor.runWorker(ThreadPoolExecutor.java:1144)
at java.base/java.util.concurrent.ThreadPoolExecutor$Worker.run(ThreadPoolExecutor.java:642)
at java.base/java.lang.Thread.run(Thread.java:1583)
... Removed 14 stack frames]]>
    </failure>
  </testcase> <!-- AdDProductTest -->
  <testcase classname="scmSCM.Manufacturer.AddProductManageStockTest" name="ManagEStockTest" time="9.2"/>
  <testcase classname="scmSCM.admin.ManageAreaCategoryUnitTest" name="ManagECategoryTest" time="6.921"/>
  <testcase classname="scmSCM.admin.ManageAreaCategoryUnitTest" name="ManagEUnitTest" time="10.125"/>
  <testcase classname="scmSCM.admin.ManageAreaCategoryUnitTest" name="ManageareaTest" time="11.679"/>
  <testcase classname="scmSCM.Retailer.MyOrderNewOrderTest" name="MyORderTest" time="5.568"/>
  <testcase classname="scmSCM.Retailer.MyOrderNewOrderTest" name="NeWOderTest" time="4.327"/>
  <testcase classname="scmSCM.basetest.BaseClass" name="@BeforeSuite configBS" time="0.0">
    <ignored/>
  </testcase> <!-- @BeforeSuite configBS -->
  <testcase classname="scmSCM.basetest.BaseClass" name="@BeforeSuite configBS" time="0.0">
    <ignored/>
  </testcase> <!-- @BeforeSuite configBS -->
  <testcase classname="scmSCM.basetest.BaseClass" name="@AfterSuite configAS" time="0.0">
    <ignored/>
  </testcase> <!-- @AfterSuite configAS -->
  <testcase classname="scmSCM.basetest.BaseClass" name="@AfterSuite configAS" time="0.0">
    <ignored/>
  </testcase> <!-- @AfterSuite configAS -->
</testsuite> <!-- TestRunner-chrome -->
